[0mGET / [36m304 [0m3.975 ms - -[0m
[0mGET /app.js [36m304 [0m1.930 ms - -[0m
[0mGET /articles [32m200 [0m22.461 ms - 5484[0m
[0mGET /articles/5b158b2dda6ce1ae2efe7890 [32m200 [0m10.874 ms - 193[0m
[0mGET / [32m200 [0m2.426 ms - 1123[0m
[0mGET /app.js [36m304 [0m0.490 ms - -[0m
[0mGET /articles [36m304 [0m4.881 ms - -[0m
[0mGET /articles/5b158b2dda6ce1ae2efe788c [32m200 [0m1.627 ms - 189[0m
[0mGET /articles/5b158b2dda6ce1ae2efe788e [32m200 [0m2.112 ms - 250[0m
[0mGET /articles/5b158b2dda6ce1ae2efe788e [36m304 [0m3.083 ms - -[0m
[0mGET /articles/5b158b2dda6ce1ae2efe788d [32m200 [0m1.822 ms - 157[0m
[0mGET /articles/5b158b2dda6ce1ae2efe789c [32m200 [0m1.370 ms - 169[0m
[0mPOST /articles/5b158b2dda6ce1ae2efe789c [32m200 [0m90.720 ms - 203[0m
[0mGET /articles/5b158b2dda6ce1ae2efe789c [32m200 [0m45.559 ms - 269[0m
[0mGET / [36m304 [0m0.276 ms - -[0m
[0mGET /app.js [36m304 [0m0.354 ms - -[0m
[0mGET /articles [32m200 [0m3.055 ms - 5518[0m
[0mGET /articles/5b158b2dda6ce1ae2efe7897 [32m200 [0m1.473 ms - 155[0m
[0mPOST /articles/5b158b2dda6ce1ae2efe7897 [32m200 [0m5.383 ms - 189[0m
[0mGET /articles/5b158b2dda6ce1ae2efe7899 [32m200 [0m1.438 ms - 163[0m
[0mGET /articles/5b158b2dda6ce1ae2efe7897 [32m200 [0m4.042 ms - 256[0m
[0mGET / [36m304 [0m7.089 ms - -[0m
[0mGET /app.js [36m304 [0m0.591 ms - -[0m
[0mGET /articles [32m200 [0m43.620 ms - 5552[0m
[0mGET /articles/5b158b2dda6ce1ae2efe788e [36m304 [0m8.876 ms - -[0m
::1 - - [04/Jun/2018:21:27:15 +0000] "GET / HTTP/1.1" 304 - "-" "Mozilla/5.0 (Macintosh; Intel Mac OS X 10_13_5) AppleWebKit/537.36 (KHTML, like Gecko) Chrome/66.0.3359.181 Safari/537.36"
::1 - - [04/Jun/2018:21:27:15 +0000] "GET /app.js HTTP/1.1" 304 - "http://localhost:3000/" "Mozilla/5.0 (Macintosh; Intel Mac OS X 10_13_5) AppleWebKit/537.36 (KHTML, like Gecko) Chrome/66.0.3359.181 Safari/537.36"
::1 - - [04/Jun/2018:21:27:15 +0000] "GET /articles HTTP/1.1" 304 - "http://localhost:3000/" "Mozilla/5.0 (Macintosh; Intel Mac OS X 10_13_5) AppleWebKit/537.36 (KHTML, like Gecko) Chrome/66.0.3359.181 Safari/537.36"
::1 - - [04/Jun/2018:21:27:16 +0000] "GET /articles/5b158b2dda6ce1ae2efe788e HTTP/1.1" 304 - "http://localhost:3000/" "Mozilla/5.0 (Macintosh; Intel Mac OS X 10_13_5) AppleWebKit/537.36 (KHTML, like Gecko) Chrome/66.0.3359.181 Safari/537.36"
::1 - - [04/Jun/2018:21:27:17 +0000] "GET /articles/5b158b2dda6ce1ae2efe788f HTTP/1.1" 200 142 "http://localhost:3000/" "Mozilla/5.0 (Macintosh; Intel Mac OS X 10_13_5) AppleWebKit/537.36 (KHTML, like Gecko) Chrome/66.0.3359.181 Safari/537.36"
::1 - - [05/Jun/2018:00:15:22 +0000] "GET / HTTP/1.1" 200 1123 "-" "Mozilla/5.0 (Macintosh; Intel Mac OS X 10_13_5) AppleWebKit/537.36 (KHTML, like Gecko) Chrome/66.0.3359.181 Safari/537.36"
::1 - - [05/Jun/2018:00:15:22 +0000] "GET /app.js HTTP/1.1" 200 2351 "http://localhost:3000/" "Mozilla/5.0 (Macintosh; Intel Mac OS X 10_13_5) AppleWebKit/537.36 (KHTML, like Gecko) Chrome/66.0.3359.181 Safari/537.36"
::1 - - [05/Jun/2018:00:15:23 +0000] "GET /articles HTTP/1.1" 304 - "http://localhost:3000/" "Mozilla/5.0 (Macintosh; Intel Mac OS X 10_13_5) AppleWebKit/537.36 (KHTML, like Gecko) Chrome/66.0.3359.181 Safari/537.36"
::1 - - [05/Jun/2018:00:15:26 +0000] "GET /articles/5b158b2dda6ce1ae2efe788e HTTP/1.1" 304 - "http://localhost:3000/" "Mozilla/5.0 (Macintosh; Intel Mac OS X 10_13_5) AppleWebKit/537.36 (KHTML, like Gecko) Chrome/66.0.3359.181 Safari/537.36"
::1 - - [05/Jun/2018:00:15:29 +0000] "GET /articles/5b158b2dda6ce1ae2efe788c HTTP/1.1" 200 189 "http://localhost:3000/" "Mozilla/5.0 (Macintosh; Intel Mac OS X 10_13_5) AppleWebKit/537.36 (KHTML, like Gecko) Chrome/66.0.3359.181 Safari/537.36"
::1 - - [05/Jun/2018:00:15:30 +0000] "GET /articles/5b158b2dda6ce1ae2efe789a HTTP/1.1" 200 307 "http://localhost:3000/" "Mozilla/5.0 (Macintosh; Intel Mac OS X 10_13_5) AppleWebKit/537.36 (KHTML, like Gecko) Chrome/66.0.3359.181 Safari/537.36"
::1 - - [05/Jun/2018:00:15:36 +0000] "POST /articles/5b158b2dda6ce1ae2efe789a HTTP/1.1" 200 341 "http://localhost:3000/" "Mozilla/5.0 (Macintosh; Intel Mac OS X 10_13_5) AppleWebKit/537.36 (KHTML, like Gecko) Chrome/66.0.3359.181 Safari/537.36"
::1 - - [05/Jun/2018:00:15:37 +0000] "GET /articles/5b158b2dda6ce1ae2efe78a6 HTTP/1.1" 200 184 "http://localhost:3000/" "Mozilla/5.0 (Macintosh; Intel Mac OS X 10_13_5) AppleWebKit/537.36 (KHTML, like Gecko) Chrome/66.0.3359.181 Safari/537.36"
::1 - - [05/Jun/2018:00:15:39 +0000] "GET /articles/5b158b2dda6ce1ae2efe7898 HTTP/1.1" 200 238 "http://localhost:3000/" "Mozilla/5.0 (Macintosh; Intel Mac OS X 10_13_5) AppleWebKit/537.36 (KHTML, like Gecko) Chrome/66.0.3359.181 Safari/537.36"
::1 - - [05/Jun/2018:00:15:40 +0000] "GET /articles/5b158b2dda6ce1ae2efe789d HTTP/1.1" 200 190 "http://localhost:3000/" "Mozilla/5.0 (Macintosh; Intel Mac OS X 10_13_5) AppleWebKit/537.36 (KHTML, like Gecko) Chrome/66.0.3359.181 Safari/537.36"
::1 - - [05/Jun/2018:00:15:41 +0000] "GET /articles/5b158b2dda6ce1ae2efe789a HTTP/1.1" 200 391 "http://localhost:3000/" "Mozilla/5.0 (Macintosh; Intel Mac OS X 10_13_5) AppleWebKit/537.36 (KHTML, like Gecko) Chrome/66.0.3359.181 Safari/537.36"
::1 - - [05/Jun/2018:00:15:41 +0000] "GET /articles/5b158b2dda6ce1ae2efe78a5 HTTP/1.1" 200 279 "http://localhost:3000/" "Mozilla/5.0 (Macintosh; Intel Mac OS X 10_13_5) AppleWebKit/537.36 (KHTML, like Gecko) Chrome/66.0.3359.181 Safari/537.36"
::1 - - [05/Jun/2018:00:15:42 +0000] "GET /articles/5b158b2dda6ce1ae2efe789a HTTP/1.1" 304 - "http://localhost:3000/" "Mozilla/5.0 (Macintosh; Intel Mac OS X 10_13_5) AppleWebKit/537.36 (KHTML, like Gecko) Chrome/66.0.3359.181 Safari/537.36"
::1 - - [05/Jun/2018:00:15:47 +0000] "POST /articles/5b158b2dda6ce1ae2efe789a HTTP/1.1" 200 341 "http://localhost:3000/" "Mozilla/5.0 (Macintosh; Intel Mac OS X 10_13_5) AppleWebKit/537.36 (KHTML, like Gecko) Chrome/66.0.3359.181 Safari/537.36"
::1 - - [05/Jun/2018:00:15:48 +0000] "GET /articles/5b158b2dda6ce1ae2efe78a5 HTTP/1.1" 304 - "http://localhost:3000/" "Mozilla/5.0 (Macintosh; Intel Mac OS X 10_13_5) AppleWebKit/537.36 (KHTML, like Gecko) Chrome/66.0.3359.181 Safari/537.36"
::1 - - [05/Jun/2018:00:15:50 +0000] "GET /articles/5b158b2dda6ce1ae2efe789a HTTP/1.1" 200 395 "http://localhost:3000/" "Mozilla/5.0 (Macintosh; Intel Mac OS X 10_13_5) AppleWebKit/537.36 (KHTML, like Gecko) Chrome/66.0.3359.181 Safari/537.36"
::1 - - [05/Jun/2018:00:48:14 +0000] "GET / HTTP/1.1" 200 1123 "-" "Mozilla/5.0 (Macintosh; Intel Mac OS X 10_13_5) AppleWebKit/537.36 (KHTML, like Gecko) Chrome/66.0.3359.181 Safari/537.36"
::1 - - [05/Jun/2018:00:48:15 +0000] "GET /app.js HTTP/1.1" 304 - "http://localhost:3000/" "Mozilla/5.0 (Macintosh; Intel Mac OS X 10_13_5) AppleWebKit/537.36 (KHTML, like Gecko) Chrome/66.0.3359.181 Safari/537.36"
::1 - - [05/Jun/2018:00:48:15 +0000] "GET /articles HTTP/1.1" 200 5586 "http://localhost:3000/" "Mozilla/5.0 (Macintosh; Intel Mac OS X 10_13_5) AppleWebKit/537.36 (KHTML, like Gecko) Chrome/66.0.3359.181 Safari/537.36"
::1 - - [05/Jun/2018:00:48:38 +0000] "GET / HTTP/1.1" 304 - "-" "Mozilla/5.0 (Macintosh; Intel Mac OS X 10_13_5) AppleWebKit/537.36 (KHTML, like Gecko) Chrome/66.0.3359.181 Safari/537.36"
::1 - - [05/Jun/2018:00:48:38 +0000] "GET /robots.txt HTTP/1.1" 404 149 "-" "Mozilla/5.0 (Macintosh; Intel Mac OS X 10_13_5) AppleWebKit/537.36 (KHTML, like Gecko) Chrome/66.0.3359.181 Safari/537.36"
::1 - - [05/Jun/2018:00:48:38 +0000] "GET /app.js HTTP/1.1" 304 - "http://localhost:3000/" "Mozilla/5.0 (Macintosh; Intel Mac OS X 10_13_5) AppleWebKit/537.36 (KHTML, like Gecko) Chrome/66.0.3359.181 Safari/537.36"
::1 - - [05/Jun/2018:00:48:39 +0000] "GET /articles HTTP/1.1" 200 2 "http://localhost:3000/" "Mozilla/5.0 (Macintosh; Intel Mac OS X 10_13_5) AppleWebKit/537.36 (KHTML, like Gecko) Chrome/66.0.3359.181 Safari/537.36"
::1 - - [05/Jun/2018:00:48:57 +0000] "GET /scrape HTTP/1.1" 200 15 "-" "Mozilla/5.0 (Macintosh; Intel Mac OS X 10_13_5) AppleWebKit/537.36 (KHTML, like Gecko) Chrome/66.0.3359.181 Safari/537.36"
::1 - - [05/Jun/2018:00:49:06 +0000] "GET / HTTP/1.1" 304 - "-" "Mozilla/5.0 (Macintosh; Intel Mac OS X 10_13_5) AppleWebKit/537.36 (KHTML, like Gecko) Chrome/66.0.3359.181 Safari/537.36"
::1 - - [05/Jun/2018:00:49:06 +0000] "GET /app.js HTTP/1.1" 304 - "http://localhost:3000/" "Mozilla/5.0 (Macintosh; Intel Mac OS X 10_13_5) AppleWebKit/537.36 (KHTML, like Gecko) Chrome/66.0.3359.181 Safari/537.36"
::1 - - [05/Jun/2018:00:49:06 +0000] "GET /articles HTTP/1.1" 200 5470 "http://localhost:3000/" "Mozilla/5.0 (Macintosh; Intel Mac OS X 10_13_5) AppleWebKit/537.36 (KHTML, like Gecko) Chrome/66.0.3359.181 Safari/537.36"
::1 - - [05/Jun/2018:00:53:44 +0000] "GET /articles/5b15ddf95cafc6e5456ee656 HTTP/1.1" 200 146 "http://localhost:3000/" "Mozilla/5.0 (Macintosh; Intel Mac OS X 10_13_5) AppleWebKit/537.36 (KHTML, like Gecko) Chrome/66.0.3359.181 Safari/537.36"
::1 - - [05/Jun/2018:00:54:07 +0000] "GET /articles/5b15ddf95cafc6e5456ee66a HTTP/1.1" 200 120 "http://localhost:3000/" "Mozilla/5.0 (Macintosh; Intel Mac OS X 10_13_5) AppleWebKit/537.36 (KHTML, like Gecko) Chrome/66.0.3359.181 Safari/537.36"
::1 - - [05/Jun/2018:00:54:09 +0000] "GET /articles/5b15ddf95cafc6e5456ee656 HTTP/1.1" 304 - "http://localhost:3000/" "Mozilla/5.0 (Macintosh; Intel Mac OS X 10_13_5) AppleWebKit/537.36 (KHTML, like Gecko) Chrome/66.0.3359.181 Safari/537.36"
::1 - - [05/Jun/2018:00:54:17 +0000] "POST /articles/5b15ddf95cafc6e5456ee656 HTTP/1.1" 200 180 "http://localhost:3000/" "Mozilla/5.0 (Macintosh; Intel Mac OS X 10_13_5) AppleWebKit/537.36 (KHTML, like Gecko) Chrome/66.0.3359.181 Safari/537.36"
::1 - - [05/Jun/2018:00:54:56 +0000] "GET /articles/5b15ddf95cafc6e5456ee656 HTTP/1.1" 200 242 "http://localhost:3000/" "Mozilla/5.0 (Macintosh; Intel Mac OS X 10_13_5) AppleWebKit/537.36 (KHTML, like Gecko) Chrome/66.0.3359.181 Safari/537.36"
::1 - - [05/Jun/2018:00:55:04 +0000] "POST /articles/5b15ddf95cafc6e5456ee656 HTTP/1.1" 200 180 "http://localhost:3000/" "Mozilla/5.0 (Macintosh; Intel Mac OS X 10_13_5) AppleWebKit/537.36 (KHTML, like Gecko) Chrome/66.0.3359.181 Safari/537.36"
::1 - - [05/Jun/2018:00:55:30 +0000] "GET /articles/5b15ddf95cafc6e5456ee656 HTTP/1.1" 200 257 "http://localhost:3000/" "Mozilla/5.0 (Macintosh; Intel Mac OS X 10_13_5) AppleWebKit/537.36 (KHTML, like Gecko) Chrome/66.0.3359.181 Safari/537.36"
::1 - - [05/Jun/2018:00:55:36 +0000] "GET /articles/5b15ddf95cafc6e5456ee65b HTTP/1.1" 200 172 "http://localhost:3000/" "Mozilla/5.0 (Macintosh; Intel Mac OS X 10_13_5) AppleWebKit/537.36 (KHTML, like Gecko) Chrome/66.0.3359.181 Safari/537.36"
::1 - - [05/Jun/2018:00:55:37 +0000] "GET /articles/5b15ddf95cafc6e5456ee656 HTTP/1.1" 304 - "http://localhost:3000/" "Mozilla/5.0 (Macintosh; Intel Mac OS X 10_13_5) AppleWebKit/537.36 (KHTML, like Gecko) Chrome/66.0.3359.181 Safari/537.36"
::1 - - [05/Jun/2018:00:55:38 +0000] "GET /articles/5b15ddf95cafc6e5456ee65b HTTP/1.1" 304 - "http://localhost:3000/" "Mozilla/5.0 (Macintosh; Intel Mac OS X 10_13_5) AppleWebKit/537.36 (KHTML, like Gecko) Chrome/66.0.3359.181 Safari/537.36"
::1 - - [05/Jun/2018:00:55:41 +0000] "GET /articles/5b15ddf95cafc6e5456ee66a HTTP/1.1" 304 - "http://localhost:3000/" "Mozilla/5.0 (Macintosh; Intel Mac OS X 10_13_5) AppleWebKit/537.36 (KHTML, like Gecko) Chrome/66.0.3359.181 Safari/537.36"
::1 - - [05/Jun/2018:00:58:10 +0000] "GET /articles/5b15ddf95cafc6e5456ee660 HTTP/1.1" 200 153 "http://localhost:3000/" "Mozilla/5.0 (Macintosh; Intel Mac OS X 10_13_5) AppleWebKit/537.36 (KHTML, like Gecko) Chrome/66.0.3359.181 Safari/537.36"
::1 - - [05/Jun/2018:00:58:27 +0000] "GET /articles/5b15ddf95cafc6e5456ee665 HTTP/1.1" 200 152 "http://localhost:3000/" "Mozilla/5.0 (Macintosh; Intel Mac OS X 10_13_5) AppleWebKit/537.36 (KHTML, like Gecko) Chrome/66.0.3359.181 Safari/537.36"
::1 - - [05/Jun/2018:00:58:29 +0000] "GET /articles/5b15ddf95cafc6e5456ee66a HTTP/1.1" 304 - "http://localhost:3000/" "Mozilla/5.0 (Macintosh; Intel Mac OS X 10_13_5) AppleWebKit/537.36 (KHTML, like Gecko) Chrome/66.0.3359.181 Safari/537.36"
::1 - - [05/Jun/2018:00:59:03 +0000] "GET /articles/5b15ddf95cafc6e5456ee656 HTTP/1.1" 304 - "http://localhost:3000/" "Mozilla/5.0 (Macintosh; Intel Mac OS X 10_13_5) AppleWebKit/537.36 (KHTML, like Gecko) Chrome/66.0.3359.181 Safari/537.36"
::1 - - [05/Jun/2018:01:00:45 +0000] "POST /articles/5b15ddf95cafc6e5456ee656 HTTP/1.1" 200 180 "http://localhost:3000/" "Mozilla/5.0 (Macintosh; Intel Mac OS X 10_13_5) AppleWebKit/537.36 (KHTML, like Gecko) Chrome/66.0.3359.181 Safari/537.36"
::1 - - [05/Jun/2018:01:00:45 +0000] "GET /articles/5b15ddf95cafc6e5456ee665 HTTP/1.1" 304 - "http://localhost:3000/" "Mozilla/5.0 (Macintosh; Intel Mac OS X 10_13_5) AppleWebKit/537.36 (KHTML, like Gecko) Chrome/66.0.3359.181 Safari/537.36"
::1 - - [05/Jun/2018:01:00:48 +0000] "GET /articles/5b15ddf95cafc6e5456ee665 HTTP/1.1" 304 - "http://localhost:3000/" "Mozilla/5.0 (Macintosh; Intel Mac OS X 10_13_5) AppleWebKit/537.36 (KHTML, like Gecko) Chrome/66.0.3359.181 Safari/537.36"
::1 - - [05/Jun/2018:01:00:53 +0000] "POST /articles/5b15ddf95cafc6e5456ee665 HTTP/1.1" 200 186 "http://localhost:3000/" "Mozilla/5.0 (Macintosh; Intel Mac OS X 10_13_5) AppleWebKit/537.36 (KHTML, like Gecko) Chrome/66.0.3359.181 Safari/537.36"
::1 - - [05/Jun/2018:01:00:56 +0000] "GET /articles/5b15ddf95cafc6e5456ee665 HTTP/1.1" 200 243 "http://localhost:3000/" "Mozilla/5.0 (Macintosh; Intel Mac OS X 10_13_5) AppleWebKit/537.36 (KHTML, like Gecko) Chrome/66.0.3359.181 Safari/537.36"
::1 - - [05/Jun/2018:01:00:58 +0000] "POST /articles/5b15ddf95cafc6e5456ee665 HTTP/1.1" 200 186 "http://localhost:3000/" "Mozilla/5.0 (Macintosh; Intel Mac OS X 10_13_5) AppleWebKit/537.36 (KHTML, like Gecko) Chrome/66.0.3359.181 Safari/537.36"
::1 - - [06/Jun/2018:01:00:51 +0000] "GET / HTTP/1.1" 200 1123 "-" "Mozilla/5.0 (Macintosh; Intel Mac OS X 10_13_5) AppleWebKit/537.36 (KHTML, like Gecko) Chrome/66.0.3359.181 Safari/537.36"
::1 - - [06/Jun/2018:01:00:52 +0000] "GET /app.js HTTP/1.1" 200 2351 "http://localhost:3000/" "Mozilla/5.0 (Macintosh; Intel Mac OS X 10_13_5) AppleWebKit/537.36 (KHTML, like Gecko) Chrome/66.0.3359.181 Safari/537.36"
::1 - - [06/Jun/2018:01:00:52 +0000] "GET /articles HTTP/1.1" 200 5538 "http://localhost:3000/" "Mozilla/5.0 (Macintosh; Intel Mac OS X 10_13_5) AppleWebKit/537.36 (KHTML, like Gecko) Chrome/66.0.3359.181 Safari/537.36"
::1 - - [06/Jun/2018:01:01:23 +0000] "GET / HTTP/1.1" 304 - "-" "Mozilla/5.0 (Macintosh; Intel Mac OS X 10_13_5) AppleWebKit/537.36 (KHTML, like Gecko) Chrome/66.0.3359.181 Safari/537.36"
::1 - - [06/Jun/2018:01:01:23 +0000] "GET /app.js HTTP/1.1" 304 - "http://localhost:3000/" "Mozilla/5.0 (Macintosh; Intel Mac OS X 10_13_5) AppleWebKit/537.36 (KHTML, like Gecko) Chrome/66.0.3359.181 Safari/537.36"
::1 - - [06/Jun/2018:01:01:24 +0000] "GET /robots.txt HTTP/1.1" 404 149 "-" "Mozilla/5.0 (Macintosh; Intel Mac OS X 10_13_5) AppleWebKit/537.36 (KHTML, like Gecko) Chrome/66.0.3359.181 Safari/537.36"
::1 - - [06/Jun/2018:01:01:24 +0000] "GET /articles HTTP/1.1" 200 2 "http://localhost:3000/" "Mozilla/5.0 (Macintosh; Intel Mac OS X 10_13_5) AppleWebKit/537.36 (KHTML, like Gecko) Chrome/66.0.3359.181 Safari/537.36"
::1 - - [06/Jun/2018:01:01:42 +0000] "GET /scrape HTTP/1.1" 304 - "-" "Mozilla/5.0 (Macintosh; Intel Mac OS X 10_13_5) AppleWebKit/537.36 (KHTML, like Gecko) Chrome/66.0.3359.181 Safari/537.36"
::1 - - [06/Jun/2018:01:01:46 +0000] "GET / HTTP/1.1" 304 - "-" "Mozilla/5.0 (Macintosh; Intel Mac OS X 10_13_5) AppleWebKit/537.36 (KHTML, like Gecko) Chrome/66.0.3359.181 Safari/537.36"
::1 - - [06/Jun/2018:01:01:46 +0000] "GET /app.js HTTP/1.1" 304 - "http://localhost:3000/" "Mozilla/5.0 (Macintosh; Intel Mac OS X 10_13_5) AppleWebKit/537.36 (KHTML, like Gecko) Chrome/66.0.3359.181 Safari/537.36"
::1 - - [06/Jun/2018:01:01:46 +0000] "GET /articles HTTP/1.1" 200 5424 "http://localhost:3000/" "Mozilla/5.0 (Macintosh; Intel Mac OS X 10_13_5) AppleWebKit/537.36 (KHTML, like Gecko) Chrome/66.0.3359.181 Safari/537.36"
::1 - - [06/Jun/2018:01:01:55 +0000] "GET /articles/5b17327644a0424d9254457c HTTP/1.1" 200 199 "http://localhost:3000/" "Mozilla/5.0 (Macintosh; Intel Mac OS X 10_13_5) AppleWebKit/537.36 (KHTML, like Gecko) Chrome/66.0.3359.181 Safari/537.36"
::1 - - [06/Jun/2018:01:02:44 +0000] "POST /articles/5b17327644a0424d9254457c HTTP/1.1" 200 233 "http://localhost:3000/" "Mozilla/5.0 (Macintosh; Intel Mac OS X 10_13_5) AppleWebKit/537.36 (KHTML, like Gecko) Chrome/66.0.3359.181 Safari/537.36"
::1 - - [06/Jun/2018:01:02:46 +0000] "GET /articles/5b17327644a0424d9254457c HTTP/1.1" 200 300 "http://localhost:3000/" "Mozilla/5.0 (Macintosh; Intel Mac OS X 10_13_5) AppleWebKit/537.36 (KHTML, like Gecko) Chrome/66.0.3359.181 Safari/537.36"
::1 - - [06/Jun/2018:01:03:55 +0000] "POST /articles/5b17327644a0424d9254457c HTTP/1.1" 200 233 "http://localhost:3000/" "Mozilla/5.0 (Macintosh; Intel Mac OS X 10_13_5) AppleWebKit/537.36 (KHTML, like Gecko) Chrome/66.0.3359.181 Safari/537.36"
::1 - - [06/Jun/2018:01:04:39 +0000] "GET /articles/5b17327644a0424d9254457c HTTP/1.1" 200 316 "http://localhost:3000/" "Mozilla/5.0 (Macintosh; Intel Mac OS X 10_13_5) AppleWebKit/537.36 (KHTML, like Gecko) Chrome/66.0.3359.181 Safari/537.36"
::1 - - [06/Jun/2018:01:04:43 +0000] "POST /articles/5b17327644a0424d9254457c HTTP/1.1" 200 233 "http://localhost:3000/" "Mozilla/5.0 (Macintosh; Intel Mac OS X 10_13_5) AppleWebKit/537.36 (KHTML, like Gecko) Chrome/66.0.3359.181 Safari/537.36"
::1 - - [06/Jun/2018:01:10:31 +0000] "GET /articles/5b17327644a0424d9254457c HTTP/1.1" 200 353 "http://localhost:3000/" "Mozilla/5.0 (Macintosh; Intel Mac OS X 10_13_5) AppleWebKit/537.36 (KHTML, like Gecko) Chrome/66.0.3359.181 Safari/537.36"
::1 - - [10/Jun/2018:23:32:23 +0000] "GET /scrape HTTP/1.1" 304 - "-" "Mozilla/5.0 (Windows NT 6.1; Win64; x64) AppleWebKit/537.36 (KHTML, like Gecko) Chrome/67.0.3396.79 Safari/537.36"
::1 - - [10/Jun/2018:23:32:23 +0000] "GET /favicon.ico HTTP/1.1" 404 150 "http://localhost:3000/scrape" "Mozilla/5.0 (Windows NT 6.1; Win64; x64) AppleWebKit/537.36 (KHTML, like Gecko) Chrome/67.0.3396.79 Safari/537.36"
::1 - - [10/Jun/2018:23:33:06 +0000] "GET / HTTP/1.1" 200 1123 "-" "Mozilla/5.0 (Windows NT 6.1; Win64; x64) AppleWebKit/537.36 (KHTML, like Gecko) Chrome/67.0.3396.79 Safari/537.36"
::1 - - [10/Jun/2018:23:33:06 +0000] "GET /app.js HTTP/1.1" 304 - "http://localhost:3000/" "Mozilla/5.0 (Windows NT 6.1; Win64; x64) AppleWebKit/537.36 (KHTML, like Gecko) Chrome/67.0.3396.79 Safari/537.36"
::1 - - [10/Jun/2018:23:33:06 +0000] "GET /articles HTTP/1.1" 200 11052 "http://localhost:3000/" "Mozilla/5.0 (Windows NT 6.1; Win64; x64) AppleWebKit/537.36 (KHTML, like Gecko) Chrome/67.0.3396.79 Safari/537.36"
::1 - - [10/Jun/2018:23:33:24 +0000] "GET /articles/5b1db507d6999341ec34bde9 HTTP/1.1" 200 172 "http://localhost:3000/" "Mozilla/5.0 (Windows NT 6.1; Win64; x64) AppleWebKit/537.36 (KHTML, like Gecko) Chrome/67.0.3396.79 Safari/537.36"
::1 - - [10/Jun/2018:23:33:34 +0000] "GET /articles/5b1db507d6999341ec34bde3 HTTP/1.1" 200 199 "http://localhost:3000/" "Mozilla/5.0 (Windows NT 6.1; Win64; x64) AppleWebKit/537.36 (KHTML, like Gecko) Chrome/67.0.3396.79 Safari/537.36"
::1 - - [10/Jun/2018:23:33:36 +0000] "GET /articles/5b1db507d6999341ec34bde3 HTTP/1.1" 304 - "http://localhost:3000/" "Mozilla/5.0 (Windows NT 6.1; Win64; x64) AppleWebKit/537.36 (KHTML, like Gecko) Chrome/67.0.3396.79 Safari/537.36"
::1 - - [10/Jun/2018:23:33:37 +0000] "GET /articles/5b1db507d6999341ec34bde9 HTTP/1.1" 304 - "http://localhost:3000/" "Mozilla/5.0 (Windows NT 6.1; Win64; x64) AppleWebKit/537.36 (KHTML, like Gecko) Chrome/67.0.3396.79 Safari/537.36"
::1 - - [10/Jun/2018:23:33:38 +0000] "GET /articles/5b1db507d6999341ec34bde8 HTTP/1.1" 200 188 "http://localhost:3000/" "Mozilla/5.0 (Windows NT 6.1; Win64; x64) AppleWebKit/537.36 (KHTML, like Gecko) Chrome/67.0.3396.79 Safari/537.36"
::1 - - [10/Jun/2018:23:33:39 +0000] "GET /articles/5b1db507d6999341ec34bddc HTTP/1.1" 200 180 "http://localhost:3000/" "Mozilla/5.0 (Windows NT 6.1; Win64; x64) AppleWebKit/537.36 (KHTML, like Gecko) Chrome/67.0.3396.79 Safari/537.36"
::1 - - [10/Jun/2018:23:33:40 +0000] "GET /articles/5b1db507d6999341ec34bddc HTTP/1.1" 304 - "http://localhost:3000/" "Mozilla/5.0 (Windows NT 6.1; Win64; x64) AppleWebKit/537.36 (KHTML, like Gecko) Chrome/67.0.3396.79 Safari/537.36"
::1 - - [10/Jun/2018:23:33:42 +0000] "GET /articles/5b1db507d6999341ec34bded HTTP/1.1" 200 266 "http://localhost:3000/" "Mozilla/5.0 (Windows NT 6.1; Win64; x64) AppleWebKit/537.36 (KHTML, like Gecko) Chrome/67.0.3396.79 Safari/537.36"
::1 - - [10/Jun/2018:23:33:44 +0000] "GET /articles/5b1db507d6999341ec34bdee HTTP/1.1" 200 157 "http://localhost:3000/" "Mozilla/5.0 (Windows NT 6.1; Win64; x64) AppleWebKit/537.36 (KHTML, like Gecko) Chrome/67.0.3396.79 Safari/537.36"
::1 - - [10/Jun/2018:23:33:56 +0000] "GET /articles/5b1b40c3f20a422764c23893 HTTP/1.1" 200 159 "http://localhost:3000/" "Mozilla/5.0 (Windows NT 6.1; Win64; x64) AppleWebKit/537.36 (KHTML, like Gecko) Chrome/67.0.3396.79 Safari/537.36"
::1 - - [10/Jun/2018:23:33:57 +0000] "GET /articles/5b1b40c3f20a422764c23893 HTTP/1.1" 304 - "http://localhost:3000/" "Mozilla/5.0 (Windows NT 6.1; Win64; x64) AppleWebKit/537.36 (KHTML, like Gecko) Chrome/67.0.3396.79 Safari/537.36"
::1 - - [10/Jun/2018:23:33:58 +0000] "GET /articles/5b1b40c3f20a422764c23893 HTTP/1.1" 304 - "http://localhost:3000/" "Mozilla/5.0 (Windows NT 6.1; Win64; x64) AppleWebKit/537.36 (KHTML, like Gecko) Chrome/67.0.3396.79 Safari/537.36"
::1 - - [10/Jun/2018:23:33:58 +0000] "GET /articles/5b1b40c3f20a422764c23893 HTTP/1.1" 304 - "http://localhost:3000/" "Mozilla/5.0 (Windows NT 6.1; Win64; x64) AppleWebKit/537.36 (KHTML, like Gecko) Chrome/67.0.3396.79 Safari/537.36"
::1 - - [10/Jun/2018:23:41:55 +0000] "GET / HTTP/1.1" 304 - "-" "Mozilla/5.0 (Windows NT 6.1; Win64; x64) AppleWebKit/537.36 (KHTML, like Gecko) Chrome/67.0.3396.79 Safari/537.36"
::1 - - [10/Jun/2018:23:41:55 +0000] "GET /app.js HTTP/1.1" 304 - "http://localhost:3000/" "Mozilla/5.0 (Windows NT 6.1; Win64; x64) AppleWebKit/537.36 (KHTML, like Gecko) Chrome/67.0.3396.79 Safari/537.36"
::1 - - [10/Jun/2018:23:41:56 +0000] "GET /articles HTTP/1.1" 200 2 "http://localhost:3000/" "Mozilla/5.0 (Windows NT 6.1; Win64; x64) AppleWebKit/537.36 (KHTML, like Gecko) Chrome/67.0.3396.79 Safari/537.36"
::1 - - [10/Jun/2018:23:42:05 +0000] "GET /scrape HTTP/1.1" 304 - "-" "Mozilla/5.0 (Windows NT 6.1; Win64; x64) AppleWebKit/537.36 (KHTML, like Gecko) Chrome/67.0.3396.79 Safari/537.36"
::1 - - [10/Jun/2018:23:43:34 +0000] "GET / HTTP/1.1" 304 - "-" "Mozilla/5.0 (Windows NT 6.1; Win64; x64) AppleWebKit/537.36 (KHTML, like Gecko) Chrome/67.0.3396.79 Safari/537.36"
::1 - - [10/Jun/2018:23:43:34 +0000] "GET /app.js HTTP/1.1" 304 - "http://localhost:3000/" "Mozilla/5.0 (Windows NT 6.1; Win64; x64) AppleWebKit/537.36 (KHTML, like Gecko) Chrome/67.0.3396.79 Safari/537.36"
::1 - - [10/Jun/2018:23:43:35 +0000] "GET /articles HTTP/1.1" 200 5530 "http://localhost:3000/" "Mozilla/5.0 (Windows NT 6.1; Win64; x64) AppleWebKit/537.36 (KHTML, like Gecko) Chrome/67.0.3396.79 Safari/537.36"
::1 - - [11/Jun/2018:00:11:54 +0000] "GET / HTTP/1.1" 304 - "-" "Mozilla/5.0 (Windows NT 6.1; Win64; x64) AppleWebKit/537.36 (KHTML, like Gecko) Chrome/67.0.3396.79 Safari/537.36"
::1 - - [11/Jun/2018:00:11:54 +0000] "GET /app.js HTTP/1.1" 304 - "http://localhost:3000/" "Mozilla/5.0 (Windows NT 6.1; Win64; x64) AppleWebKit/537.36 (KHTML, like Gecko) Chrome/67.0.3396.79 Safari/537.36"
::1 - - [11/Jun/2018:00:11:55 +0000] "GET /articles HTTP/1.1" 200 2 "http://localhost:3000/" "Mozilla/5.0 (Windows NT 6.1; Win64; x64) AppleWebKit/537.36 (KHTML, like Gecko) Chrome/67.0.3396.79 Safari/537.36"
::1 - - [11/Jun/2018:00:12:09 +0000] "GET /scrape HTTP/1.1" 304 - "-" "Mozilla/5.0 (Windows NT 6.1; Win64; x64) AppleWebKit/537.36 (KHTML, like Gecko) Chrome/67.0.3396.79 Safari/537.36"
::1 - - [11/Jun/2018:00:44:55 +0000] "GET /scrape HTTP/1.1" 304 - "-" "Mozilla/5.0 (Windows NT 6.1; Win64; x64) AppleWebKit/537.36 (KHTML, like Gecko) Chrome/67.0.3396.79 Safari/537.36"
::1 - - [11/Jun/2018:00:46:35 +0000] "GET / HTTP/1.1" 304 - "-" "Mozilla/5.0 (Windows NT 6.1; Win64; x64) AppleWebKit/537.36 (KHTML, like Gecko) Chrome/67.0.3396.79 Safari/537.36"
::1 - - [11/Jun/2018:00:46:35 +0000] "GET /app.js HTTP/1.1" 304 - "http://localhost:3000/" "Mozilla/5.0 (Windows NT 6.1; Win64; x64) AppleWebKit/537.36 (KHTML, like Gecko) Chrome/67.0.3396.79 Safari/537.36"
::1 - - [11/Jun/2018:00:46:35 +0000] "GET /articles HTTP/1.1" 200 1782 "http://localhost:3000/" "Mozilla/5.0 (Windows NT 6.1; Win64; x64) AppleWebKit/537.36 (KHTML, like Gecko) Chrome/67.0.3396.79 Safari/537.36"
::1 - - [11/Jun/2018:00:46:56 +0000] "GET /articles/5b1dc5e7d921703024c678bd HTTP/1.1" 200 218 "http://localhost:3000/" "Mozilla/5.0 (Windows NT 6.1; Win64; x64) AppleWebKit/537.36 (KHTML, like Gecko) Chrome/67.0.3396.79 Safari/537.36"
::1 - - [11/Jun/2018:00:46:56 +0000] "GET /articles/5b1dc5e7d921703024c678bd HTTP/1.1" 304 - "http://localhost:3000/" "Mozilla/5.0 (Windows NT 6.1; Win64; x64) AppleWebKit/537.36 (KHTML, like Gecko) Chrome/67.0.3396.79 Safari/537.36"
::1 - - [11/Jun/2018:00:46:58 +0000] "GET /articles/5b1dc5e7d921703024c678bd HTTP/1.1" 304 - "http://localhost:3000/" "Mozilla/5.0 (Windows NT 6.1; Win64; x64) AppleWebKit/537.36 (KHTML, like Gecko) Chrome/67.0.3396.79 Safari/537.36"
::1 - - [11/Jun/2018:00:47:00 +0000] "GET /articles/5b1dc5e7d921703024c678bd HTTP/1.1" 304 - "http://localhost:3000/" "Mozilla/5.0 (Windows NT 6.1; Win64; x64) AppleWebKit/537.36 (KHTML, like Gecko) Chrome/67.0.3396.79 Safari/537.36"
::1 - - [11/Jun/2018:00:47:01 +0000] "GET /articles/5b1dc5ebd921703024c678be HTTP/1.1" 200 205 "http://localhost:3000/" "Mozilla/5.0 (Windows NT 6.1; Win64; x64) AppleWebKit/537.36 (KHTML, like Gecko) Chrome/67.0.3396.79 Safari/537.36"
::1 - - [11/Jun/2018:00:47:03 +0000] "GET /articles/5b1dc5ebd921703024c678be HTTP/1.1" 304 - "http://localhost:3000/" "Mozilla/5.0 (Windows NT 6.1; Win64; x64) AppleWebKit/537.36 (KHTML, like Gecko) Chrome/67.0.3396.79 Safari/537.36"
::1 - - [11/Jun/2018:00:47:04 +0000] "GET /articles/5b1dc5f2d921703024c678c1 HTTP/1.1" 200 193 "http://localhost:3000/" "Mozilla/5.0 (Windows NT 6.1; Win64; x64) AppleWebKit/537.36 (KHTML, like Gecko) Chrome/67.0.3396.79 Safari/537.36"
::1 - - [11/Jun/2018:00:47:21 +0000] "GET /articles/5b1dc5efd921703024c678bf HTTP/1.1" 200 152 "http://localhost:3000/" "Mozilla/5.0 (Windows NT 6.1; Win64; x64) AppleWebKit/537.36 (KHTML, like Gecko) Chrome/67.0.3396.79 Safari/537.36"
::1 - - [11/Jun/2018:00:47:23 +0000] "GET /articles/5b1dc5f0d921703024c678c0 HTTP/1.1" 200 198 "http://localhost:3000/" "Mozilla/5.0 (Windows NT 6.1; Win64; x64) AppleWebKit/537.36 (KHTML, like Gecko) Chrome/67.0.3396.79 Safari/537.36"
::1 - - [11/Jun/2018:00:47:30 +0000] "GET /articles/5b1dc5f2d921703024c678c1 HTTP/1.1" 304 - "http://localhost:3000/" "Mozilla/5.0 (Windows NT 6.1; Win64; x64) AppleWebKit/537.36 (KHTML, like Gecko) Chrome/67.0.3396.79 Safari/537.36"
::1 - - [11/Jun/2018:00:47:32 +0000] "GET /articles/5b1dc5ebd921703024c678be HTTP/1.1" 304 - "http://localhost:3000/" "Mozilla/5.0 (Windows NT 6.1; Win64; x64) AppleWebKit/537.36 (KHTML, like Gecko) Chrome/67.0.3396.79 Safari/537.36"
::1 - - [11/Jun/2018:00:47:33 +0000] "GET /articles/5b1dc5e7d921703024c678bd HTTP/1.1" 304 - "http://localhost:3000/" "Mozilla/5.0 (Windows NT 6.1; Win64; x64) AppleWebKit/537.36 (KHTML, like Gecko) Chrome/67.0.3396.79 Safari/537.36"
::1 - - [11/Jun/2018:00:47:35 +0000] "GET /articles/5b1dc5f0d921703024c678c0 HTTP/1.1" 304 - "http://localhost:3000/" "Mozilla/5.0 (Windows NT 6.1; Win64; x64) AppleWebKit/537.36 (KHTML, like Gecko) Chrome/67.0.3396.79 Safari/537.36"
::1 - - [11/Jun/2018:00:47:35 +0000] "GET /articles/5b1dc5f0d921703024c678c0 HTTP/1.1" 304 - "http://localhost:3000/" "Mozilla/5.0 (Windows NT 6.1; Win64; x64) AppleWebKit/537.36 (KHTML, like Gecko) Chrome/67.0.3396.79 Safari/537.36"
::1 - - [11/Jun/2018:00:47:36 +0000] "GET /articles/5b1dc5f0d921703024c678c0 HTTP/1.1" 304 - "http://localhost:3000/" "Mozilla/5.0 (Windows NT 6.1; Win64; x64) AppleWebKit/537.36 (KHTML, like Gecko) Chrome/67.0.3396.79 Safari/537.36"
::1 - - [11/Jun/2018:00:55:03 +0000] "GET /articles HTTP/1.1" 304 - "-" "Mozilla/5.0 (Windows NT 6.1; Win64; x64) AppleWebKit/537.36 (KHTML, like Gecko) Chrome/67.0.3396.79 Safari/537.36"
::1 - - [11/Jun/2018:01:15:27 +0000] "GET /articles/5b1dc5e7d921703024c678bd HTTP/1.1" 304 - "-" "Mozilla/5.0 (Windows NT 6.1; Win64; x64) AppleWebKit/537.36 (KHTML, like Gecko) Chrome/67.0.3396.79 Safari/537.36"
::1 - - [11/Jun/2018:01:16:13 +0000] "GET /articles/5b1dc5f0d921703024c678c0 HTTP/1.1" 304 - "-" "Mozilla/5.0 (Windows NT 6.1; Win64; x64) AppleWebKit/537.36 (KHTML, like Gecko) Chrome/67.0.3396.79 Safari/537.36"
::1 - - [11/Jun/2018:01:16:30 +0000] "GET /articles HTTP/1.1" 304 - "-" "Mozilla/5.0 (Windows NT 6.1; Win64; x64) AppleWebKit/537.36 (KHTML, like Gecko) Chrome/67.0.3396.79 Safari/537.36"
::1 - - [11/Jun/2018:01:22:07 +0000] "GET / HTTP/1.1" 304 - "-" "Mozilla/5.0 (Windows NT 6.1; Win64; x64) AppleWebKit/537.36 (KHTML, like Gecko) Chrome/67.0.3396.79 Safari/537.36"
::1 - - [11/Jun/2018:01:22:07 +0000] "GET /app.js HTTP/1.1" 304 - "http://localhost:3000/" "Mozilla/5.0 (Windows NT 6.1; Win64; x64) AppleWebKit/537.36 (KHTML, like Gecko) Chrome/67.0.3396.79 Safari/537.36"
::1 - - [11/Jun/2018:01:22:30 +0000] "GET /articles HTTP/1.1" 304 - "-" "Mozilla/5.0 (Windows NT 6.1; Win64; x64) AppleWebKit/537.36 (KHTML, like Gecko) Chrome/67.0.3396.79 Safari/537.36"
::1 - - [11/Jun/2018:01:22:36 +0000] "GET /articles HTTP/1.1" 304 - "http://localhost:3000/" "Mozilla/5.0 (Windows NT 6.1; Win64; x64) AppleWebKit/537.36 (KHTML, like Gecko) Chrome/67.0.3396.79 Safari/537.36"
::1 - - [11/Jun/2018:01:23:00 +0000] "GET /scrape HTTP/1.1" 304 - "-" "Mozilla/5.0 (Windows NT 6.1; Win64; x64) AppleWebKit/537.36 (KHTML, like Gecko) Chrome/67.0.3396.79 Safari/537.36"
::1 - - [11/Jun/2018:01:23:01 +0000] "GET /scrape HTTP/1.1" 200 15 "-" "Mozilla/5.0 (Windows NT 6.1; Win64; x64) AppleWebKit/537.36 (KHTML, like Gecko) Chrome/67.0.3396.79 Safari/537.36"
::1 - - [11/Jun/2018:01:23:24 +0000] "GET /scrape HTTP/1.1" 304 - "-" "Mozilla/5.0 (Windows NT 6.1; Win64; x64) AppleWebKit/537.36 (KHTML, like Gecko) Chrome/67.0.3396.79 Safari/537.36"
::1 - - [11/Jun/2018:01:52:21 +0000] "GET /scrape HTTP/1.1" 304 - "-" "Mozilla/5.0 (Windows NT 6.1; Win64; x64) AppleWebKit/537.36 (KHTML, like Gecko) Chrome/67.0.3396.79 Safari/537.36"
::1 - - [11/Jun/2018:01:57:07 +0000] "GET / HTTP/1.1" 304 - "-" "Mozilla/5.0 (Windows NT 6.1; Win64; x64) AppleWebKit/537.36 (KHTML, like Gecko) Chrome/67.0.3396.79 Safari/537.36"
::1 - - [11/Jun/2018:01:57:07 +0000] "GET /app.js HTTP/1.1" 304 - "http://localhost:3000/" "Mozilla/5.0 (Windows NT 6.1; Win64; x64) AppleWebKit/537.36 (KHTML, like Gecko) Chrome/67.0.3396.79 Safari/537.36"
::1 - - [11/Jun/2018:01:57:08 +0000] "GET /articles HTTP/1.1" 304 - "http://localhost:3000/" "Mozilla/5.0 (Windows NT 6.1; Win64; x64) AppleWebKit/537.36 (KHTML, like Gecko) Chrome/67.0.3396.79 Safari/537.36"
::1 - - [11/Jun/2018:02:00:50 +0000] "GET / HTTP/1.1" 304 - "-" "Mozilla/5.0 (Windows NT 6.1; Win64; x64) AppleWebKit/537.36 (KHTML, like Gecko) Chrome/67.0.3396.79 Safari/537.36"
::1 - - [11/Jun/2018:02:00:51 +0000] "GET /app.js HTTP/1.1" 200 2389 "http://localhost:3000/" "Mozilla/5.0 (Windows NT 6.1; Win64; x64) AppleWebKit/537.36 (KHTML, like Gecko) Chrome/67.0.3396.79 Safari/537.36"
::1 - - [11/Jun/2018:02:00:51 +0000] "GET /articles HTTP/1.1" 304 - "http://localhost:3000/" "Mozilla/5.0 (Windows NT 6.1; Win64; x64) AppleWebKit/537.36 (KHTML, like Gecko) Chrome/67.0.3396.79 Safari/537.36"
::1 - - [11/Jun/2018:02:00:54 +0000] "GET /news/world/north-korean-leader-kim-jong-un-arrives-singapore-ahead-historic-n881791 HTTP/1.1" 404 222 "http://localhost:3000/" "Mozilla/5.0 (Windows NT 6.1; Win64; x64) AppleWebKit/537.36 (KHTML, like Gecko) Chrome/67.0.3396.79 Safari/537.36"
::1 - - [11/Jun/2018:02:00:54 +0000] "GET /articles/5b1dc5e7d921703024c678bd HTTP/1.1" 304 - "http://localhost:3000/" "Mozilla/5.0 (Windows NT 6.1; Win64; x64) AppleWebKit/537.36 (KHTML, like Gecko) Chrome/67.0.3396.79 Safari/537.36"
::1 - - [11/Jun/2018:02:01:57 +0000] "GET / HTTP/1.1" 304 - "-" "Mozilla/5.0 (Windows NT 6.1; Win64; x64) AppleWebKit/537.36 (KHTML, like Gecko) Chrome/67.0.3396.79 Safari/537.36"
::1 - - [11/Jun/2018:02:01:57 +0000] "GET /app.js HTTP/1.1" 200 2403 "http://localhost:3000/" "Mozilla/5.0 (Windows NT 6.1; Win64; x64) AppleWebKit/537.36 (KHTML, like Gecko) Chrome/67.0.3396.79 Safari/537.36"
::1 - - [11/Jun/2018:02:01:57 +0000] "GET /articles HTTP/1.1" 304 - "http://localhost:3000/" "Mozilla/5.0 (Windows NT 6.1; Win64; x64) AppleWebKit/537.36 (KHTML, like Gecko) Chrome/67.0.3396.79 Safari/537.36"
::1 - - [11/Jun/2018:02:01:59 +0000] "GET / HTTP/1.1" 304 - "-" "Mozilla/5.0 (Windows NT 6.1; Win64; x64) AppleWebKit/537.36 (KHTML, like Gecko) Chrome/67.0.3396.79 Safari/537.36"
::1 - - [11/Jun/2018:02:01:59 +0000] "GET /app.js HTTP/1.1" 304 - "http://localhost:3000/" "Mozilla/5.0 (Windows NT 6.1; Win64; x64) AppleWebKit/537.36 (KHTML, like Gecko) Chrome/67.0.3396.79 Safari/537.36"
::1 - - [11/Jun/2018:02:01:59 +0000] "GET /articles HTTP/1.1" 304 - "http://localhost:3000/" "Mozilla/5.0 (Windows NT 6.1; Win64; x64) AppleWebKit/537.36 (KHTML, like Gecko) Chrome/67.0.3396.79 Safari/537.36"
::1 - - [11/Jun/2018:02:02:12 +0000] "GET /articles/5b1dc5e7d921703024c678bd HTTP/1.1" 304 - "http://localhost:3000/" "Mozilla/5.0 (Windows NT 6.1; Win64; x64) AppleWebKit/537.36 (KHTML, like Gecko) Chrome/67.0.3396.79 Safari/537.36"
::1 - - [11/Jun/2018:02:03:15 +0000] "GET / HTTP/1.1" 304 - "-" "Mozilla/5.0 (Windows NT 6.1; Win64; x64) AppleWebKit/537.36 (KHTML, like Gecko) Chrome/67.0.3396.79 Safari/537.36"
::1 - - [11/Jun/2018:02:03:15 +0000] "GET /app.js HTTP/1.1" 200 2404 "http://localhost:3000/" "Mozilla/5.0 (Windows NT 6.1; Win64; x64) AppleWebKit/537.36 (KHTML, like Gecko) Chrome/67.0.3396.79 Safari/537.36"
::1 - - [11/Jun/2018:02:03:15 +0000] "GET /articles HTTP/1.1" 304 - "http://localhost:3000/" "Mozilla/5.0 (Windows NT 6.1; Win64; x64) AppleWebKit/537.36 (KHTML, like Gecko) Chrome/67.0.3396.79 Safari/537.36"
::1 - - [11/Jun/2018:02:03:23 +0000] "GET /articles/5b1dc5e7d921703024c678bd HTTP/1.1" 304 - "http://localhost:3000/" "Mozilla/5.0 (Windows NT 6.1; Win64; x64) AppleWebKit/537.36 (KHTML, like Gecko) Chrome/67.0.3396.79 Safari/537.36"
::1 - - [11/Jun/2018:02:03:54 +0000] "GET / HTTP/1.1" 304 - "-" "Mozilla/5.0 (Windows NT 6.1; Win64; x64) AppleWebKit/537.36 (KHTML, like Gecko) Chrome/67.0.3396.79 Safari/537.36"
::1 - - [11/Jun/2018:02:03:54 +0000] "GET /app.js HTTP/1.1" 200 2412 "http://localhost:3000/" "Mozilla/5.0 (Windows NT 6.1; Win64; x64) AppleWebKit/537.36 (KHTML, like Gecko) Chrome/67.0.3396.79 Safari/537.36"
::1 - - [11/Jun/2018:02:03:54 +0000] "GET /articles HTTP/1.1" 304 - "http://localhost:3000/" "Mozilla/5.0 (Windows NT 6.1; Win64; x64) AppleWebKit/537.36 (KHTML, like Gecko) Chrome/67.0.3396.79 Safari/537.36"
::1 - - [11/Jun/2018:02:04:00 +0000] "GET /articles/5b1dc5e7d921703024c678bd HTTP/1.1" 304 - "http://localhost:3000/" "Mozilla/5.0 (Windows NT 6.1; Win64; x64) AppleWebKit/537.36 (KHTML, like Gecko) Chrome/67.0.3396.79 Safari/537.36"
::1 - - [11/Jun/2018:02:04:15 +0000] "GET /articles/5b1dc5ebd921703024c678be HTTP/1.1" 304 - "http://localhost:3000/" "Mozilla/5.0 (Windows NT 6.1; Win64; x64) AppleWebKit/537.36 (KHTML, like Gecko) Chrome/67.0.3396.79 Safari/537.36"
::1 - - [11/Jun/2018:02:05:21 +0000] "GET /articles/5b1dc5f2d921703024c678c1 HTTP/1.1" 304 - "http://localhost:3000/" "Mozilla/5.0 (Windows NT 6.1; Win64; x64) AppleWebKit/537.36 (KHTML, like Gecko) Chrome/67.0.3396.79 Safari/537.36"
::1 - - [11/Jun/2018:02:28:57 +0000] "GET / HTTP/1.1" 200 1148 "-" "Mozilla/5.0 (Windows NT 6.1; Win64; x64) AppleWebKit/537.36 (KHTML, like Gecko) Chrome/67.0.3396.79 Safari/537.36"
::1 - - [11/Jun/2018:02:28:57 +0000] "GET /app.js HTTP/1.1" 304 - "http://localhost:3000/" "Mozilla/5.0 (Windows NT 6.1; Win64; x64) AppleWebKit/537.36 (KHTML, like Gecko) Chrome/67.0.3396.79 Safari/537.36"
::1 - - [11/Jun/2018:02:29:13 +0000] "GET /articles HTTP/1.1" 304 - "http://localhost:3000/" "Mozilla/5.0 (Windows NT 6.1; Win64; x64) AppleWebKit/537.36 (KHTML, like Gecko) Chrome/67.0.3396.79 Safari/537.36"
::1 - - [11/Jun/2018:02:29:17 +0000] "GET /scrape HTTP/1.1" 304 - "http://localhost:3000/" "Mozilla/5.0 (Windows NT 6.1; Win64; x64) AppleWebKit/537.36 (KHTML, like Gecko) Chrome/67.0.3396.79 Safari/537.36"
::1 - - [11/Jun/2018:02:29:24 +0000] "GET /scrape HTTP/1.1" 304 - "http://localhost:3000/" "Mozilla/5.0 (Windows NT 6.1; Win64; x64) AppleWebKit/537.36 (KHTML, like Gecko) Chrome/67.0.3396.79 Safari/537.36"
::1 - - [11/Jun/2018:02:31:15 +0000] "GET / HTTP/1.1" 304 - "-" "Mozilla/5.0 (Windows NT 6.1; Win64; x64) AppleWebKit/537.36 (KHTML, like Gecko) Chrome/67.0.3396.79 Safari/537.36"
::1 - - [11/Jun/2018:02:31:15 +0000] "GET /app.js HTTP/1.1" 304 - "http://localhost:3000/" "Mozilla/5.0 (Windows NT 6.1; Win64; x64) AppleWebKit/537.36 (KHTML, like Gecko) Chrome/67.0.3396.79 Safari/537.36"
::1 - - [11/Jun/2018:02:31:45 +0000] "GET /articles HTTP/1.1" 200 2002 "http://localhost:3000/" "Mozilla/5.0 (Windows NT 6.1; Win64; x64) AppleWebKit/537.36 (KHTML, like Gecko) Chrome/67.0.3396.79 Safari/537.36"
::1 - - [11/Jun/2018:02:31:50 +0000] "GET /scrape HTTP/1.1" 200 1 "http://localhost:3000/" "Mozilla/5.0 (Windows NT 6.1; Win64; x64) AppleWebKit/537.36 (KHTML, like Gecko) Chrome/67.0.3396.79 Safari/537.36"
::1 - - [11/Jun/2018:02:33:48 +0000] "GET /scrape HTTP/1.1" 200 403 "http://localhost:3000/" "Mozilla/5.0 (Windows NT 6.1; Win64; x64) AppleWebKit/537.36 (KHTML, like Gecko) Chrome/67.0.3396.79 Safari/537.36"
::1 - - [11/Jun/2018:02:35:00 +0000] "GET / HTTP/1.1" 304 - "-" "Mozilla/5.0 (Windows NT 6.1; Win64; x64) AppleWebKit/537.36 (KHTML, like Gecko) Chrome/67.0.3396.79 Safari/537.36"
::1 - - [11/Jun/2018:02:35:00 +0000] "GET /app.js HTTP/1.1" 304 - "http://localhost:3000/" "Mozilla/5.0 (Windows NT 6.1; Win64; x64) AppleWebKit/537.36 (KHTML, like Gecko) Chrome/67.0.3396.79 Safari/537.36"
::1 - - [11/Jun/2018:02:35:01 +0000] "GET /articles HTTP/1.1" 304 - "http://localhost:3000/" "Mozilla/5.0 (Windows NT 6.1; Win64; x64) AppleWebKit/537.36 (KHTML, like Gecko) Chrome/67.0.3396.79 Safari/537.36"
::1 - - [11/Jun/2018:02:35:08 +0000] "GET / HTTP/1.1" 304 - "-" "Mozilla/5.0 (Windows NT 6.1; Win64; x64) AppleWebKit/537.36 (KHTML, like Gecko) Chrome/67.0.3396.79 Safari/537.36"
::1 - - [11/Jun/2018:02:35:08 +0000] "GET /app.js HTTP/1.1" 304 - "http://localhost:3000/" "Mozilla/5.0 (Windows NT 6.1; Win64; x64) AppleWebKit/537.36 (KHTML, like Gecko) Chrome/67.0.3396.79 Safari/537.36"
::1 - - [11/Jun/2018:02:35:08 +0000] "GET /articles HTTP/1.1" 304 - "http://localhost:3000/" "Mozilla/5.0 (Windows NT 6.1; Win64; x64) AppleWebKit/537.36 (KHTML, like Gecko) Chrome/67.0.3396.79 Safari/537.36"
::1 - - [11/Jun/2018:02:35:10 +0000] "GET / HTTP/1.1" 304 - "-" "Mozilla/5.0 (Windows NT 6.1; Win64; x64) AppleWebKit/537.36 (KHTML, like Gecko) Chrome/67.0.3396.79 Safari/537.36"
::1 - - [11/Jun/2018:02:35:10 +0000] "GET /app.js HTTP/1.1" 304 - "http://localhost:3000/" "Mozilla/5.0 (Windows NT 6.1; Win64; x64) AppleWebKit/537.36 (KHTML, like Gecko) Chrome/67.0.3396.79 Safari/537.36"
::1 - - [11/Jun/2018:02:35:10 +0000] "GET /articles HTTP/1.1" 304 - "http://localhost:3000/" "Mozilla/5.0 (Windows NT 6.1; Win64; x64) AppleWebKit/537.36 (KHTML, like Gecko) Chrome/67.0.3396.79 Safari/537.36"
::1 - - [11/Jun/2018:02:35:23 +0000] "GET / HTTP/1.1" 304 - "-" "Mozilla/5.0 (Windows NT 6.1; Win64; x64) AppleWebKit/537.36 (KHTML, like Gecko) Chrome/67.0.3396.79 Safari/537.36"
::1 - - [11/Jun/2018:02:35:23 +0000] "GET /app.js HTTP/1.1" 304 - "http://localhost:3000/" "Mozilla/5.0 (Windows NT 6.1; Win64; x64) AppleWebKit/537.36 (KHTML, like Gecko) Chrome/67.0.3396.79 Safari/537.36"
::1 - - [11/Jun/2018:02:35:24 +0000] "GET /articles HTTP/1.1" 304 - "http://localhost:3000/" "Mozilla/5.0 (Windows NT 6.1; Win64; x64) AppleWebKit/537.36 (KHTML, like Gecko) Chrome/67.0.3396.79 Safari/537.36"
::1 - - [11/Jun/2018:02:35:58 +0000] "GET /scrape HTTP/1.1" 302 46 "http://localhost:3000/" "Mozilla/5.0 (Windows NT 6.1; Win64; x64) AppleWebKit/537.36 (KHTML, like Gecko) Chrome/67.0.3396.79 Safari/537.36"
::1 - - [11/Jun/2018:02:35:58 +0000] "GET / HTTP/1.1" 304 - "http://localhost:3000/" "Mozilla/5.0 (Windows NT 6.1; Win64; x64) AppleWebKit/537.36 (KHTML, like Gecko) Chrome/67.0.3396.79 Safari/537.36"
::1 - - [11/Jun/2018:02:35:58 +0000] "GET /app.js HTTP/1.1" 304 - "http://localhost:3000/" "Mozilla/5.0 (Windows NT 6.1; Win64; x64) AppleWebKit/537.36 (KHTML, like Gecko) Chrome/67.0.3396.79 Safari/537.36"
::1 - - [11/Jun/2018:02:36:01 +0000] "GET /articles HTTP/1.1" 304 - "http://localhost:3000/" "Mozilla/5.0 (Windows NT 6.1; Win64; x64) AppleWebKit/537.36 (KHTML, like Gecko) Chrome/67.0.3396.79 Safari/537.36"
::1 - - [11/Jun/2018:02:38:51 +0000] "GET / HTTP/1.1" 304 - "http://localhost:3000/" "Mozilla/5.0 (Windows NT 6.1; Win64; x64) AppleWebKit/537.36 (KHTML, like Gecko) Chrome/67.0.3396.79 Safari/537.36"
::1 - - [11/Jun/2018:02:38:51 +0000] "GET /app.js HTTP/1.1" 200 2408 "http://localhost:3000/" "Mozilla/5.0 (Windows NT 6.1; Win64; x64) AppleWebKit/537.36 (KHTML, like Gecko) Chrome/67.0.3396.79 Safari/537.36"
::1 - - [11/Jun/2018:02:38:51 +0000] "GET /articles HTTP/1.1" 304 - "http://localhost:3000/" "Mozilla/5.0 (Windows NT 6.1; Win64; x64) AppleWebKit/537.36 (KHTML, like Gecko) Chrome/67.0.3396.79 Safari/537.36"
::1 - - [11/Jun/2018:02:41:47 +0000] "GET / HTTP/1.1" 200 1159 "http://localhost:3000/" "Mozilla/5.0 (Windows NT 6.1; Win64; x64) AppleWebKit/537.36 (KHTML, like Gecko) Chrome/67.0.3396.79 Safari/537.36"
::1 - - [11/Jun/2018:02:41:47 +0000] "GET /app.js HTTP/1.1" 200 2409 "http://localhost:3000/" "Mozilla/5.0 (Windows NT 6.1; Win64; x64) AppleWebKit/537.36 (KHTML, like Gecko) Chrome/67.0.3396.79 Safari/537.36"
::1 - - [11/Jun/2018:02:41:47 +0000] "GET /articles HTTP/1.1" 304 - "http://localhost:3000/" "Mozilla/5.0 (Windows NT 6.1; Win64; x64) AppleWebKit/537.36 (KHTML, like Gecko) Chrome/67.0.3396.79 Safari/537.36"
::1 - - [11/Jun/2018:02:42:40 +0000] "GET /articles/5b1dc5e7d921703024c678bd HTTP/1.1" 304 - "http://localhost:3000/" "Mozilla/5.0 (Windows NT 6.1; Win64; x64) AppleWebKit/537.36 (KHTML, like Gecko) Chrome/67.0.3396.79 Safari/537.36"
::1 - - [11/Jun/2018:02:48:18 +0000] "GET / HTTP/1.1" 304 - "http://localhost:3000/" "Mozilla/5.0 (Windows NT 6.1; Win64; x64) AppleWebKit/537.36 (KHTML, like Gecko) Chrome/67.0.3396.79 Safari/537.36"
::1 - - [11/Jun/2018:02:48:18 +0000] "GET /app.js HTTP/1.1" 200 2432 "http://localhost:3000/" "Mozilla/5.0 (Windows NT 6.1; Win64; x64) AppleWebKit/537.36 (KHTML, like Gecko) Chrome/67.0.3396.79 Safari/537.36"
::1 - - [11/Jun/2018:02:48:18 +0000] "GET /articles HTTP/1.1" 304 - "http://localhost:3000/" "Mozilla/5.0 (Windows NT 6.1; Win64; x64) AppleWebKit/537.36 (KHTML, like Gecko) Chrome/67.0.3396.79 Safari/537.36"
::1 - - [11/Jun/2018:02:50:39 +0000] "GET / HTTP/1.1" 200 1215 "http://localhost:3000/" "Mozilla/5.0 (Windows NT 6.1; Win64; x64) AppleWebKit/537.36 (KHTML, like Gecko) Chrome/67.0.3396.79 Safari/537.36"
::1 - - [11/Jun/2018:02:50:39 +0000] "GET /app.js HTTP/1.1" 304 - "http://localhost:3000/" "Mozilla/5.0 (Windows NT 6.1; Win64; x64) AppleWebKit/537.36 (KHTML, like Gecko) Chrome/67.0.3396.79 Safari/537.36"
::1 - - [11/Jun/2018:02:50:40 +0000] "GET /articles HTTP/1.1" 304 - "http://localhost:3000/" "Mozilla/5.0 (Windows NT 6.1; Win64; x64) AppleWebKit/537.36 (KHTML, like Gecko) Chrome/67.0.3396.79 Safari/537.36"
::1 - - [11/Jun/2018:02:54:27 +0000] "GET / HTTP/1.1" 200 1208 "http://localhost:3000/" "Mozilla/5.0 (Windows NT 6.1; Win64; x64) AppleWebKit/537.36 (KHTML, like Gecko) Chrome/67.0.3396.79 Safari/537.36"
::1 - - [11/Jun/2018:02:54:27 +0000] "GET /app.js HTTP/1.1" 200 2425 "http://localhost:3000/" "Mozilla/5.0 (Windows NT 6.1; Win64; x64) AppleWebKit/537.36 (KHTML, like Gecko) Chrome/67.0.3396.79 Safari/537.36"
::1 - - [11/Jun/2018:02:54:28 +0000] "GET /articles HTTP/1.1" 304 - "http://localhost:3000/" "Mozilla/5.0 (Windows NT 6.1; Win64; x64) AppleWebKit/537.36 (KHTML, like Gecko) Chrome/67.0.3396.79 Safari/537.36"
::1 - - [11/Jun/2018:02:54:38 +0000] "GET /articles/5b1dc5e7d921703024c678bd HTTP/1.1" 304 - "http://localhost:3000/" "Mozilla/5.0 (Windows NT 6.1; Win64; x64) AppleWebKit/537.36 (KHTML, like Gecko) Chrome/67.0.3396.79 Safari/537.36"
::1 - - [11/Jun/2018:02:55:52 +0000] "POST /articles/5b1dc5e7d921703024c678bd HTTP/1.1" 200 252 "http://localhost:3000/" "Mozilla/5.0 (Windows NT 6.1; Win64; x64) AppleWebKit/537.36 (KHTML, like Gecko) Chrome/67.0.3396.79 Safari/537.36"
::1 - - [11/Jun/2018:02:56:58 +0000] "GET /articles/5b1dc5e7d921703024c678bd HTTP/1.1" 200 306 "http://localhost:3000/" "Mozilla/5.0 (Windows NT 6.1; Win64; x64) AppleWebKit/537.36 (KHTML, like Gecko) Chrome/67.0.3396.79 Safari/537.36"
::1 - - [11/Jun/2018:02:57:15 +0000] "GET /articles/5b1dc5ebd921703024c678be HTTP/1.1" 304 - "http://localhost:3000/" "Mozilla/5.0 (Windows NT 6.1; Win64; x64) AppleWebKit/537.36 (KHTML, like Gecko) Chrome/67.0.3396.79 Safari/537.36"
::1 - - [11/Jun/2018:02:57:18 +0000] "GET /articles/5b1dc5e7d921703024c678bd HTTP/1.1" 304 - "http://localhost:3000/" "Mozilla/5.0 (Windows NT 6.1; Win64; x64) AppleWebKit/537.36 (KHTML, like Gecko) Chrome/67.0.3396.79 Safari/537.36"
::1 - - [11/Jun/2018:02:57:20 +0000] "GET /articles/5b1dc5ebd921703024c678be HTTP/1.1" 304 - "http://localhost:3000/" "Mozilla/5.0 (Windows NT 6.1; Win64; x64) AppleWebKit/537.36 (KHTML, like Gecko) Chrome/67.0.3396.79 Safari/537.36"
::1 - - [11/Jun/2018:02:57:21 +0000] "GET /articles/5b1dc5f2d921703024c678c1 HTTP/1.1" 304 - "http://localhost:3000/" "Mozilla/5.0 (Windows NT 6.1; Win64; x64) AppleWebKit/537.36 (KHTML, like Gecko) Chrome/67.0.3396.79 Safari/537.36"
::1 - - [11/Jun/2018:02:57:23 +0000] "GET /articles/5b1dc5f0d921703024c678c0 HTTP/1.1" 304 - "http://localhost:3000/" "Mozilla/5.0 (Windows NT 6.1; Win64; x64) AppleWebKit/537.36 (KHTML, like Gecko) Chrome/67.0.3396.79 Safari/537.36"
::1 - - [11/Jun/2018:02:57:26 +0000] "GET /articles/5b1dc5e7d921703024c678bd HTTP/1.1" 304 - "http://localhost:3000/" "Mozilla/5.0 (Windows NT 6.1; Win64; x64) AppleWebKit/537.36 (KHTML, like Gecko) Chrome/67.0.3396.79 Safari/537.36"
::1 - - [11/Jun/2018:02:57:27 +0000] "GET /articles/5b1dc5ebd921703024c678be HTTP/1.1" 304 - "http://localhost:3000/" "Mozilla/5.0 (Windows NT 6.1; Win64; x64) AppleWebKit/537.36 (KHTML, like Gecko) Chrome/67.0.3396.79 Safari/537.36"
::1 - - [11/Jun/2018:02:57:28 +0000] "GET /articles/5b1dc5f2d921703024c678c1 HTTP/1.1" 304 - "http://localhost:3000/" "Mozilla/5.0 (Windows NT 6.1; Win64; x64) AppleWebKit/537.36 (KHTML, like Gecko) Chrome/67.0.3396.79 Safari/537.36"
::1 - - [11/Jun/2018:02:57:30 +0000] "GET /articles/5b1dc5f0d921703024c678c0 HTTP/1.1" 304 - "http://localhost:3000/" "Mozilla/5.0 (Windows NT 6.1; Win64; x64) AppleWebKit/537.36 (KHTML, like Gecko) Chrome/67.0.3396.79 Safari/537.36"
::1 - - [11/Jun/2018:02:57:31 +0000] "GET /articles/5b1dc5efd921703024c678bf HTTP/1.1" 304 - "http://localhost:3000/" "Mozilla/5.0 (Windows NT 6.1; Win64; x64) AppleWebKit/537.36 (KHTML, like Gecko) Chrome/67.0.3396.79 Safari/537.36"
::1 - - [11/Jun/2018:02:57:33 +0000] "GET /articles/5b1dc5f6d921703024c678c3 HTTP/1.1" 200 195 "http://localhost:3000/" "Mozilla/5.0 (Windows NT 6.1; Win64; x64) AppleWebKit/537.36 (KHTML, like Gecko) Chrome/67.0.3396.79 Safari/537.36"
::1 - - [11/Jun/2018:02:57:34 +0000] "GET /articles/5b1dc5f8d921703024c678c4 HTTP/1.1" 200 205 "http://localhost:3000/" "Mozilla/5.0 (Windows NT 6.1; Win64; x64) AppleWebKit/537.36 (KHTML, like Gecko) Chrome/67.0.3396.79 Safari/537.36"
::1 - - [11/Jun/2018:02:57:36 +0000] "GET /articles/5b1dc607d921703024c678c5 HTTP/1.1" 200 208 "http://localhost:3000/" "Mozilla/5.0 (Windows NT 6.1; Win64; x64) AppleWebKit/537.36 (KHTML, like Gecko) Chrome/67.0.3396.79 Safari/537.36"
::1 - - [11/Jun/2018:02:57:38 +0000] "GET /articles/5b1dc5f5d921703024c678c2 HTTP/1.1" 200 198 "http://localhost:3000/" "Mozilla/5.0 (Windows NT 6.1; Win64; x64) AppleWebKit/537.36 (KHTML, like Gecko) Chrome/67.0.3396.79 Safari/537.36"
::1 - - [11/Jun/2018:02:57:39 +0000] "GET /articles/5b1dde7dcca286284c026d08 HTTP/1.1" 200 219 "http://localhost:3000/" "Mozilla/5.0 (Windows NT 6.1; Win64; x64) AppleWebKit/537.36 (KHTML, like Gecko) Chrome/67.0.3396.79 Safari/537.36"
::1 - - [11/Jun/2018:02:58:01 +0000] "GET /scrape HTTP/1.1" 302 46 "http://localhost:3000/" "Mozilla/5.0 (Windows NT 6.1; Win64; x64) AppleWebKit/537.36 (KHTML, like Gecko) Chrome/67.0.3396.79 Safari/537.36"
::1 - - [11/Jun/2018:02:58:01 +0000] "GET / HTTP/1.1" 304 - "http://localhost:3000/" "Mozilla/5.0 (Windows NT 6.1; Win64; x64) AppleWebKit/537.36 (KHTML, like Gecko) Chrome/67.0.3396.79 Safari/537.36"
::1 - - [11/Jun/2018:02:58:01 +0000] "GET /app.js HTTP/1.1" 304 - "http://localhost:3000/" "Mozilla/5.0 (Windows NT 6.1; Win64; x64) AppleWebKit/537.36 (KHTML, like Gecko) Chrome/67.0.3396.79 Safari/537.36"
::1 - - [11/Jun/2018:02:58:03 +0000] "GET /articles HTTP/1.1" 200 2036 "http://localhost:3000/" "Mozilla/5.0 (Windows NT 6.1; Win64; x64) AppleWebKit/537.36 (KHTML, like Gecko) Chrome/67.0.3396.79 Safari/537.36"
::1 - - [11/Jun/2018:03:07:03 +0000] "GET / HTTP/1.1" 304 - "http://localhost:3000/" "Mozilla/5.0 (Windows NT 6.1; Win64; x64) AppleWebKit/537.36 (KHTML, like Gecko) Chrome/67.0.3396.79 Safari/537.36"
::1 - - [11/Jun/2018:03:07:03 +0000] "GET /app.js HTTP/1.1" 304 - "http://localhost:3000/" "Mozilla/5.0 (Windows NT 6.1; Win64; x64) AppleWebKit/537.36 (KHTML, like Gecko) Chrome/67.0.3396.79 Safari/537.36"
::1 - - [11/Jun/2018:03:07:03 +0000] "GET /articles HTTP/1.1" 200 2 "http://localhost:3000/" "Mozilla/5.0 (Windows NT 6.1; Win64; x64) AppleWebKit/537.36 (KHTML, like Gecko) Chrome/67.0.3396.79 Safari/537.36"
::1 - - [11/Jun/2018:03:07:15 +0000] "GET /scrape HTTP/1.1" 302 46 "http://localhost:3000/" "Mozilla/5.0 (Windows NT 6.1; Win64; x64) AppleWebKit/537.36 (KHTML, like Gecko) Chrome/67.0.3396.79 Safari/537.36"
::1 - - [11/Jun/2018:03:07:15 +0000] "GET / HTTP/1.1" 304 - "http://localhost:3000/" "Mozilla/5.0 (Windows NT 6.1; Win64; x64) AppleWebKit/537.36 (KHTML, like Gecko) Chrome/67.0.3396.79 Safari/537.36"
::1 - - [11/Jun/2018:03:07:15 +0000] "GET /app.js HTTP/1.1" 304 - "http://localhost:3000/" "Mozilla/5.0 (Windows NT 6.1; Win64; x64) AppleWebKit/537.36 (KHTML, like Gecko) Chrome/67.0.3396.79 Safari/537.36"
::1 - - [11/Jun/2018:03:07:16 +0000] "GET /articles HTTP/1.1" 200 1849 "http://localhost:3000/" "Mozilla/5.0 (Windows NT 6.1; Win64; x64) AppleWebKit/537.36 (KHTML, like Gecko) Chrome/67.0.3396.79 Safari/537.36"
::1 - - [11/Jun/2018:03:07:24 +0000] "GET /articles/5b1de76315c49c3f3c3fea05 HTTP/1.1" 200 218 "http://localhost:3000/" "Mozilla/5.0 (Windows NT 6.1; Win64; x64) AppleWebKit/537.36 (KHTML, like Gecko) Chrome/67.0.3396.79 Safari/537.36"
::1 - - [11/Jun/2018:03:08:35 +0000] "GET / HTTP/1.1" 304 - "http://localhost:3000/" "Mozilla/5.0 (Windows NT 6.1; Win64; x64) AppleWebKit/537.36 (KHTML, like Gecko) Chrome/67.0.3396.79 Safari/537.36"
::1 - - [11/Jun/2018:03:08:35 +0000] "GET /app.js HTTP/1.1" 304 - "http://localhost:3000/" "Mozilla/5.0 (Windows NT 6.1; Win64; x64) AppleWebKit/537.36 (KHTML, like Gecko) Chrome/67.0.3396.79 Safari/537.36"
::1 - - [11/Jun/2018:03:08:36 +0000] "GET /articles HTTP/1.1" 200 2 "http://localhost:3000/" "Mozilla/5.0 (Windows NT 6.1; Win64; x64) AppleWebKit/537.36 (KHTML, like Gecko) Chrome/67.0.3396.79 Safari/537.36"
::1 - - [11/Jun/2018:03:08:44 +0000] "GET /scrape HTTP/1.1" 302 46 "http://localhost:3000/" "Mozilla/5.0 (Windows NT 6.1; Win64; x64) AppleWebKit/537.36 (KHTML, like Gecko) Chrome/67.0.3396.79 Safari/537.36"
::1 - - [11/Jun/2018:03:08:44 +0000] "GET / HTTP/1.1" 304 - "http://localhost:3000/" "Mozilla/5.0 (Windows NT 6.1; Win64; x64) AppleWebKit/537.36 (KHTML, like Gecko) Chrome/67.0.3396.79 Safari/537.36"
::1 - - [11/Jun/2018:03:08:44 +0000] "GET /app.js HTTP/1.1" 304 - "http://localhost:3000/" "Mozilla/5.0 (Windows NT 6.1; Win64; x64) AppleWebKit/537.36 (KHTML, like Gecko) Chrome/67.0.3396.79 Safari/537.36"
::1 - - [11/Jun/2018:03:08:47 +0000] "GET /articles HTTP/1.1" 200 1968 "http://localhost:3000/" "Mozilla/5.0 (Windows NT 6.1; Win64; x64) AppleWebKit/537.36 (KHTML, like Gecko) Chrome/67.0.3396.79 Safari/537.36"
::1 - - [11/Jun/2018:03:09:28 +0000] "GET / HTTP/1.1" 304 - "http://localhost:3000/" "Mozilla/5.0 (Windows NT 6.1; Win64; x64) AppleWebKit/537.36 (KHTML, like Gecko) Chrome/67.0.3396.79 Safari/537.36"
::1 - - [11/Jun/2018:03:09:28 +0000] "GET /app.js HTTP/1.1" 304 - "http://localhost:3000/" "Mozilla/5.0 (Windows NT 6.1; Win64; x64) AppleWebKit/537.36 (KHTML, like Gecko) Chrome/67.0.3396.79 Safari/537.36"
::1 - - [11/Jun/2018:03:09:28 +0000] "GET /articles HTTP/1.1" 200 2218 "http://localhost:3000/" "Mozilla/5.0 (Windows NT 6.1; Win64; x64) AppleWebKit/537.36 (KHTML, like Gecko) Chrome/67.0.3396.79 Safari/537.36"
::1 - - [11/Jun/2018:03:10:16 +0000] "GET / HTTP/1.1" 304 - "http://localhost:3000/" "Mozilla/5.0 (Windows NT 6.1; Win64; x64) AppleWebKit/537.36 (KHTML, like Gecko) Chrome/67.0.3396.79 Safari/537.36"
::1 - - [11/Jun/2018:03:10:16 +0000] "GET /app.js HTTP/1.1" 304 - "http://localhost:3000/" "Mozilla/5.0 (Windows NT 6.1; Win64; x64) AppleWebKit/537.36 (KHTML, like Gecko) Chrome/67.0.3396.79 Safari/537.36"
::1 - - [11/Jun/2018:03:10:16 +0000] "GET /articles HTTP/1.1" 304 - "http://localhost:3000/" "Mozilla/5.0 (Windows NT 6.1; Win64; x64) AppleWebKit/537.36 (KHTML, like Gecko) Chrome/67.0.3396.79 Safari/537.36"
::1 - - [11/Jun/2018:03:11:07 +0000] "GET / HTTP/1.1" 304 - "http://localhost:3000/" "Mozilla/5.0 (Windows NT 6.1; Win64; x64) AppleWebKit/537.36 (KHTML, like Gecko) Chrome/67.0.3396.79 Safari/537.36"
::1 - - [11/Jun/2018:03:11:07 +0000] "GET /app.js HTTP/1.1" 304 - "http://localhost:3000/" "Mozilla/5.0 (Windows NT 6.1; Win64; x64) AppleWebKit/537.36 (KHTML, like Gecko) Chrome/67.0.3396.79 Safari/537.36"
::1 - - [11/Jun/2018:03:11:07 +0000] "GET /articles HTTP/1.1" 304 - "http://localhost:3000/" "Mozilla/5.0 (Windows NT 6.1; Win64; x64) AppleWebKit/537.36 (KHTML, like Gecko) Chrome/67.0.3396.79 Safari/537.36"
::1 - - [11/Jun/2018:03:11:49 +0000] "GET / HTTP/1.1" 304 - "http://localhost:3000/" "Mozilla/5.0 (Windows NT 6.1; Win64; x64) AppleWebKit/537.36 (KHTML, like Gecko) Chrome/67.0.3396.79 Safari/537.36"
::1 - - [11/Jun/2018:03:11:49 +0000] "GET /app.js HTTP/1.1" 304 - "http://localhost:3000/" "Mozilla/5.0 (Windows NT 6.1; Win64; x64) AppleWebKit/537.36 (KHTML, like Gecko) Chrome/67.0.3396.79 Safari/537.36"
::1 - - [11/Jun/2018:03:11:49 +0000] "GET /articles HTTP/1.1" 304 - "http://localhost:3000/" "Mozilla/5.0 (Windows NT 6.1; Win64; x64) AppleWebKit/537.36 (KHTML, like Gecko) Chrome/67.0.3396.79 Safari/537.36"
::1 - - [11/Jun/2018:03:28:18 +0000] "GET / HTTP/1.1" 200 1250 "http://localhost:3000/" "Mozilla/5.0 (Windows NT 6.1; Win64; x64) AppleWebKit/537.36 (KHTML, like Gecko) Chrome/67.0.3396.79 Safari/537.36"
::1 - - [11/Jun/2018:03:28:18 +0000] "GET /moment.min.js HTTP/1.1" 200 51679 "http://localhost:3000/" "Mozilla/5.0 (Windows NT 6.1; Win64; x64) AppleWebKit/537.36 (KHTML, like Gecko) Chrome/67.0.3396.79 Safari/537.36"
::1 - - [11/Jun/2018:03:28:18 +0000] "GET /app.js HTTP/1.1" 200 2475 "http://localhost:3000/" "Mozilla/5.0 (Windows NT 6.1; Win64; x64) AppleWebKit/537.36 (KHTML, like Gecko) Chrome/67.0.3396.79 Safari/537.36"
::1 - - [11/Jun/2018:03:28:18 +0000] "GET /articles HTTP/1.1" 304 - "http://localhost:3000/" "Mozilla/5.0 (Windows NT 6.1; Win64; x64) AppleWebKit/537.36 (KHTML, like Gecko) Chrome/67.0.3396.79 Safari/537.36"
::1 - - [11/Jun/2018:03:28:48 +0000] "GET /scrape HTTP/1.1" 302 46 "http://localhost:3000/" "Mozilla/5.0 (Windows NT 6.1; Win64; x64) AppleWebKit/537.36 (KHTML, like Gecko) Chrome/67.0.3396.79 Safari/537.36"
::1 - - [11/Jun/2018:03:28:48 +0000] "GET / HTTP/1.1" 304 - "http://localhost:3000/" "Mozilla/5.0 (Windows NT 6.1; Win64; x64) AppleWebKit/537.36 (KHTML, like Gecko) Chrome/67.0.3396.79 Safari/537.36"
::1 - - [11/Jun/2018:03:28:48 +0000] "GET /moment.min.js HTTP/1.1" 304 - "http://localhost:3000/" "Mozilla/5.0 (Windows NT 6.1; Win64; x64) AppleWebKit/537.36 (KHTML, like Gecko) Chrome/67.0.3396.79 Safari/537.36"
::1 - - [11/Jun/2018:03:28:48 +0000] "GET /app.js HTTP/1.1" 304 - "http://localhost:3000/" "Mozilla/5.0 (Windows NT 6.1; Win64; x64) AppleWebKit/537.36 (KHTML, like Gecko) Chrome/67.0.3396.79 Safari/537.36"
::1 - - [11/Jun/2018:03:28:48 +0000] "GET /articles HTTP/1.1" 200 2479 "http://localhost:3000/" "Mozilla/5.0 (Windows NT 6.1; Win64; x64) AppleWebKit/537.36 (KHTML, like Gecko) Chrome/67.0.3396.79 Safari/537.36"
::1 - - [11/Jun/2018:03:33:34 +0000] "GET / HTTP/1.1" 200 1340 "http://localhost:3000/" "Mozilla/5.0 (Windows NT 6.1; Win64; x64) AppleWebKit/537.36 (KHTML, like Gecko) Chrome/67.0.3396.79 Safari/537.36"
::1 - - [11/Jun/2018:03:33:34 +0000] "GET /moment.min.js HTTP/1.1" 304 - "http://localhost:3000/" "Mozilla/5.0 (Windows NT 6.1; Win64; x64) AppleWebKit/537.36 (KHTML, like Gecko) Chrome/67.0.3396.79 Safari/537.36"
::1 - - [11/Jun/2018:03:33:34 +0000] "GET /app.js HTTP/1.1" 304 - "http://localhost:3000/" "Mozilla/5.0 (Windows NT 6.1; Win64; x64) AppleWebKit/537.36 (KHTML, like Gecko) Chrome/67.0.3396.79 Safari/537.36"
::1 - - [11/Jun/2018:03:33:35 +0000] "GET /articles HTTP/1.1" 304 - "http://localhost:3000/" "Mozilla/5.0 (Windows NT 6.1; Win64; x64) AppleWebKit/537.36 (KHTML, like Gecko) Chrome/67.0.3396.79 Safari/537.36"
::1 - - [11/Jun/2018:03:33:35 +0000] "GET /smiley.png HTTP/1.1" 200 10001 "http://localhost:3000/" "Mozilla/5.0 (Windows NT 6.1; Win64; x64) AppleWebKit/537.36 (KHTML, like Gecko) Chrome/67.0.3396.79 Safari/537.36"
::1 - - [11/Jun/2018:03:34:08 +0000] "GET /articles/5b1de7bcc71f4e414462eb81 HTTP/1.1" 200 259 "http://localhost:3000/" "Mozilla/5.0 (Windows NT 6.1; Win64; x64) AppleWebKit/537.36 (KHTML, like Gecko) Chrome/67.0.3396.79 Safari/537.36"
::1 - - [11/Jun/2018:03:34:10 +0000] "GET /articles/5b1de7bcc71f4e414462eb82 HTTP/1.1" 200 260 "http://localhost:3000/" "Mozilla/5.0 (Windows NT 6.1; Win64; x64) AppleWebKit/537.36 (KHTML, like Gecko) Chrome/67.0.3396.79 Safari/537.36"
::1 - - [11/Jun/2018:03:34:10 +0000] "GET /articles/5b1de7bcc71f4e414462eb83 HTTP/1.1" 200 246 "http://localhost:3000/" "Mozilla/5.0 (Windows NT 6.1; Win64; x64) AppleWebKit/537.36 (KHTML, like Gecko) Chrome/67.0.3396.79 Safari/537.36"
::1 - - [11/Jun/2018:03:34:12 +0000] "GET /articles/5b1de7bcc71f4e414462eb85 HTTP/1.1" 200 234 "http://localhost:3000/" "Mozilla/5.0 (Windows NT 6.1; Win64; x64) AppleWebKit/537.36 (KHTML, like Gecko) Chrome/67.0.3396.79 Safari/537.36"
::1 - - [11/Jun/2018:03:34:13 +0000] "GET /articles/5b1de7bcc71f4e414462eb84 HTTP/1.1" 200 239 "http://localhost:3000/" "Mozilla/5.0 (Windows NT 6.1; Win64; x64) AppleWebKit/537.36 (KHTML, like Gecko) Chrome/67.0.3396.79 Safari/537.36"
::1 - - [11/Jun/2018:03:34:15 +0000] "GET /articles/5b1de7bcc71f4e414462eb86 HTTP/1.1" 200 239 "http://localhost:3000/" "Mozilla/5.0 (Windows NT 6.1; Win64; x64) AppleWebKit/537.36 (KHTML, like Gecko) Chrome/67.0.3396.79 Safari/537.36"
::1 - - [11/Jun/2018:03:34:16 +0000] "GET /articles/5b1de7bcc71f4e414462eb87 HTTP/1.1" 200 236 "http://localhost:3000/" "Mozilla/5.0 (Windows NT 6.1; Win64; x64) AppleWebKit/537.36 (KHTML, like Gecko) Chrome/67.0.3396.79 Safari/537.36"
::1 - - [11/Jun/2018:03:34:17 +0000] "GET /articles/5b1de7bcc71f4e414462eb88 HTTP/1.1" 200 246 "http://localhost:3000/" "Mozilla/5.0 (Windows NT 6.1; Win64; x64) AppleWebKit/537.36 (KHTML, like Gecko) Chrome/67.0.3396.79 Safari/537.36"
::1 - - [11/Jun/2018:03:34:18 +0000] "GET /articles/5b1de7bcc71f4e414462eb89 HTTP/1.1" 200 249 "http://localhost:3000/" "Mozilla/5.0 (Windows NT 6.1; Win64; x64) AppleWebKit/537.36 (KHTML, like Gecko) Chrome/67.0.3396.79 Safari/537.36"
::1 - - [11/Jun/2018:03:34:19 +0000] "GET /articles/5b1dec70c71f4e414462eb8a HTTP/1.1" 200 260 "http://localhost:3000/" "Mozilla/5.0 (Windows NT 6.1; Win64; x64) AppleWebKit/537.36 (KHTML, like Gecko) Chrome/67.0.3396.79 Safari/537.36"
::1 - - [11/Jun/2018:03:45:49 +0000] "GET / HTTP/1.1" 200 1348 "http://localhost:3000/" "Mozilla/5.0 (Windows NT 6.1; Win64; x64) AppleWebKit/537.36 (KHTML, like Gecko) Chrome/67.0.3396.79 Safari/537.36"
::1 - - [11/Jun/2018:03:45:49 +0000] "GET /moment.min.js HTTP/1.1" 304 - "http://localhost:3000/" "Mozilla/5.0 (Windows NT 6.1; Win64; x64) AppleWebKit/537.36 (KHTML, like Gecko) Chrome/67.0.3396.79 Safari/537.36"
::1 - - [11/Jun/2018:03:45:49 +0000] "GET /app.js HTTP/1.1" 304 - "http://localhost:3000/" "Mozilla/5.0 (Windows NT 6.1; Win64; x64) AppleWebKit/537.36 (KHTML, like Gecko) Chrome/67.0.3396.79 Safari/537.36"
::1 - - [11/Jun/2018:03:45:50 +0000] "GET /articles HTTP/1.1" 304 - "http://localhost:3000/" "Mozilla/5.0 (Windows NT 6.1; Win64; x64) AppleWebKit/537.36 (KHTML, like Gecko) Chrome/67.0.3396.79 Safari/537.36"
::1 - - [11/Jun/2018:03:45:53 +0000] "GET /scrape HTTP/1.1" 302 46 "http://localhost:3000/" "Mozilla/5.0 (Windows NT 6.1; Win64; x64) AppleWebKit/537.36 (KHTML, like Gecko) Chrome/67.0.3396.79 Safari/537.36"
::1 - - [11/Jun/2018:03:45:53 +0000] "GET / HTTP/1.1" 304 - "http://localhost:3000/" "Mozilla/5.0 (Windows NT 6.1; Win64; x64) AppleWebKit/537.36 (KHTML, like Gecko) Chrome/67.0.3396.79 Safari/537.36"
::1 - - [11/Jun/2018:03:45:53 +0000] "GET /app.js HTTP/1.1" 304 - "http://localhost:3000/" "Mozilla/5.0 (Windows NT 6.1; Win64; x64) AppleWebKit/537.36 (KHTML, like Gecko) Chrome/67.0.3396.79 Safari/537.36"
::1 - - [11/Jun/2018:03:45:53 +0000] "GET /moment.min.js HTTP/1.1" 304 - "http://localhost:3000/" "Mozilla/5.0 (Windows NT 6.1; Win64; x64) AppleWebKit/537.36 (KHTML, like Gecko) Chrome/67.0.3396.79 Safari/537.36"
::1 - - [11/Jun/2018:03:45:56 +0000] "GET /articles HTTP/1.1" 304 - "http://localhost:3000/" "Mozilla/5.0 (Windows NT 6.1; Win64; x64) AppleWebKit/537.36 (KHTML, like Gecko) Chrome/67.0.3396.79 Safari/537.36"
::1 - - [11/Jun/2018:03:46:00 +0000] "GET /articles/5b1de7bcc71f4e414462eb81 HTTP/1.1" 304 - "http://localhost:3000/" "Mozilla/5.0 (Windows NT 6.1; Win64; x64) AppleWebKit/537.36 (KHTML, like Gecko) Chrome/67.0.3396.79 Safari/537.36"
::1 - - [12/Jun/2018:01:20:54 +0000] "GET / HTTP/1.1" 304 - "-" "Mozilla/5.0 (Windows NT 6.1; Win64; x64) AppleWebKit/537.36 (KHTML, like Gecko) Chrome/67.0.3396.79 Safari/537.36"
::1 - - [12/Jun/2018:01:20:54 +0000] "GET /moment.min.js HTTP/1.1" 304 - "http://localhost:3000/" "Mozilla/5.0 (Windows NT 6.1; Win64; x64) AppleWebKit/537.36 (KHTML, like Gecko) Chrome/67.0.3396.79 Safari/537.36"
::1 - - [12/Jun/2018:01:20:54 +0000] "GET /app.js HTTP/1.1" 304 - "http://localhost:3000/" "Mozilla/5.0 (Windows NT 6.1; Win64; x64) AppleWebKit/537.36 (KHTML, like Gecko) Chrome/67.0.3396.79 Safari/537.36"
::1 - - [12/Jun/2018:01:20:54 +0000] "GET /articles HTTP/1.1" 304 - "http://localhost:3000/" "Mozilla/5.0 (Windows NT 6.1; Win64; x64) AppleWebKit/537.36 (KHTML, like Gecko) Chrome/67.0.3396.79 Safari/537.36"
::1 - - [12/Jun/2018:01:20:54 +0000] "GET /smiley.png HTTP/1.1" 200 10001 "http://localhost:3000/" "Mozilla/5.0 (Windows NT 6.1; Win64; x64) AppleWebKit/537.36 (KHTML, like Gecko) Chrome/67.0.3396.79 Safari/537.36"
::1 - - [12/Jun/2018:01:21:01 +0000] "GET /scrape HTTP/1.1" 302 46 "http://localhost:3000/" "Mozilla/5.0 (Windows NT 6.1; Win64; x64) AppleWebKit/537.36 (KHTML, like Gecko) Chrome/67.0.3396.79 Safari/537.36"
::1 - - [12/Jun/2018:01:21:01 +0000] "GET / HTTP/1.1" 304 - "http://localhost:3000/" "Mozilla/5.0 (Windows NT 6.1; Win64; x64) AppleWebKit/537.36 (KHTML, like Gecko) Chrome/67.0.3396.79 Safari/537.36"
::1 - - [12/Jun/2018:01:21:01 +0000] "GET /moment.min.js HTTP/1.1" 304 - "http://localhost:3000/" "Mozilla/5.0 (Windows NT 6.1; Win64; x64) AppleWebKit/537.36 (KHTML, like Gecko) Chrome/67.0.3396.79 Safari/537.36"
::1 - - [12/Jun/2018:01:21:01 +0000] "GET /app.js HTTP/1.1" 304 - "http://localhost:3000/" "Mozilla/5.0 (Windows NT 6.1; Win64; x64) AppleWebKit/537.36 (KHTML, like Gecko) Chrome/67.0.3396.79 Safari/537.36"
::1 - - [12/Jun/2018:01:21:04 +0000] "GET /articles HTTP/1.1" 200 4663 "http://localhost:3000/" "Mozilla/5.0 (Windows NT 6.1; Win64; x64) AppleWebKit/537.36 (KHTML, like Gecko) Chrome/67.0.3396.79 Safari/537.36"
::1 - - [12/Jun/2018:01:58:31 +0000] "GET / HTTP/1.1" 304 - "-" "Mozilla/5.0 (Windows NT 6.1; Win64; x64) AppleWebKit/537.36 (KHTML, like Gecko) Chrome/67.0.3396.79 Safari/537.36"
::1 - - [12/Jun/2018:01:58:31 +0000] "GET /moment.min.js HTTP/1.1" 304 - "http://localhost:3000/" "Mozilla/5.0 (Windows NT 6.1; Win64; x64) AppleWebKit/537.36 (KHTML, like Gecko) Chrome/67.0.3396.79 Safari/537.36"
::1 - - [12/Jun/2018:01:58:31 +0000] "GET /app.js HTTP/1.1" 304 - "http://localhost:3000/" "Mozilla/5.0 (Windows NT 6.1; Win64; x64) AppleWebKit/537.36 (KHTML, like Gecko) Chrome/67.0.3396.79 Safari/537.36"
::1 - - [12/Jun/2018:01:58:33 +0000] "GET /articles HTTP/1.1" 304 - "http://localhost:3000/" "Mozilla/5.0 (Windows NT 6.1; Win64; x64) AppleWebKit/537.36 (KHTML, like Gecko) Chrome/67.0.3396.79 Safari/537.36"
